<?xml version="1.0" encoding="UTF-8"?>
<!-- Generated by org.testng.reporters.JUnitReportReporter -->
<testsuite hostname="LAPTOP-95N15RTD" failures="0" tests="2" name="qaclickacademy.RESTAPITest" time="0.012" errors="0" timestamp="2022-03-04T11:38:09 IST" skipped="0">
  <testcase classname="qaclickacademy.RESTAPITest" name="MobileAPI" time="0.001"/>
  <system-out/>
  <testcase classname="qaclickacademy.RESTAPITest" name="RestAssuredAPI" time="0.011"/>
  <system-out/>
</testsuite> <!-- qaclickacademy.RESTAPITest -->
