<?xml version="1.0" encoding="UTF-8"?>
<!-- Generated by org.testng.reporters.JUnitReportReporter -->
<testsuite hostname="LAPTOP-95N15RTD" failures="0" tests="2" name="qaclickacademy.SeleniumTest" time="0.004" errors="0" timestamp="2022-03-04T11:38:09 IST" skipped="0">
  <testcase classname="qaclickacademy.SeleniumTest" name="FrontendApplicationTest" time="0.002"/>
  <system-out/>
  <testcase classname="qaclickacademy.SeleniumTest" name="webapplicationTest" time="0.002"/>
  <system-out/>
</testsuite> <!-- qaclickacademy.SeleniumTest -->
