<?xml version="1.0" encoding="UTF-8"?>
<!-- Generated by org.testng.reporters.JUnitReportReporter -->
<testsuite hostname="LAPTOP-95N15RTD" failures="0" tests="2" name="qaclickacademy.AppiumTest" time="0.011" errors="0" timestamp="2022-05-10T12:17:30 IST" skipped="0">
  <testcase classname="qaclickacademy.AppiumTest" name="Nativeapptesting" time="0.002"/>
  <system-out/>
  <testcase classname="qaclickacademy.AppiumTest" name="MobielIOS" time="0.009"/>
  <system-out/>
</testsuite> <!-- qaclickacademy.AppiumTest -->
