<?xml version="1.0" encoding="UTF-8"?>
<!-- Generated by org.testng.reporters.JUnitReportReporter -->
<testsuite hostname="LAPTOP-95N15RTD" failures="0" tests="2" name="qaclickacademy.AppiumTest" time="0.006" errors="0" timestamp="2022-03-04T13:48:18 IST" skipped="0">
  <testcase classname="qaclickacademy.AppiumTest" name="Nativeapptesting" time="0.001"/>
  <system-out/>
  <testcase classname="qaclickacademy.AppiumTest" name="MobielIOS" time="0.005"/>
  <system-out/>
</testsuite> <!-- qaclickacademy.AppiumTest -->
